<?xml version="1.0" encoding="UTF-8"?>
<testsuites name="Test_Suite_Verify_Create_Salon" time="97.611" tests="1" failures="0" errors="0">
   <testsuite name="Test_Suite_Verify_Create_Salon" tests="1" failures="0" errors="0" time="97.611" skipped="0" timestamp="2023-07-04 00:20:11" hostname="Ams - DESKTOP-JJQTM0N" id="Test Suites/Dashboard/Test_Suite_Verify_Create_Salon">
      <properties>
         <property name="deviceName" value=""/>
         <property name="devicePlatform" value=""/>
         <property name="logFolder" value="C:\\Users\\Ams\\Katalon Studio\\Barbera-Testing\\Reports\\20230704_002000\\Dashboard\\Test_Suite_Verify_Create_Salon\\20230704_002000"/>
         <property name="logFiles" value="C:\\Users\\Ams\\Katalon Studio\\Barbera-Testing\\Reports\\20230704_002000\\Dashboard\\Test_Suite_Verify_Create_Salon\\20230704_002000\\execution0.log"/>
         <property name="attachments" value="C:\\Users\\Ams\\Katalon Studio\\Barbera-Testing\\Reports\\20230704_002000\\Dashboard\\Test_Suite_Verify_Create_Salon\\20230704_002000\\1688412033221.png, C:\\Users\\Ams\\Katalon Studio\\Barbera-Testing\\Reports\\20230704_002000\\Dashboard\\Test_Suite_Verify_Create_Salon\\20230704_002000\\1688412107932.png, C:\\Users\\Ams\\Katalon Studio\\Barbera-Testing\\Reports\\20230704_002000\\Dashboard\\Test_Suite_Verify_Create_Salon\\20230704_002000\\1688412108090.png"/>
         <property name="hostName" value="Ams - DESKTOP-JJQTM0N"/>
         <property name="os" value="Windows 10 64bit"/>
         <property name="katalonVersion" value="8.6.5.208"/>
         <property name="browser" value="Chrome 114.0.0.0"/>
         <property name="hostAddress" value="192.168.100.150"/>
         <property name="sessionId" value="2d4e73357617b29eda736c2ca88ad312"/>
         <property name="seleniumVersion" value="3.141.59"/>
         <property name="proxyInformation" value="ProxyInformation { proxyOption=NO_PROXY, proxyServerType=HTTP, username=, password=********, proxyServerAddress=, proxyServerPort=0, executionList=&quot;&quot;, isApplyToDesiredCapabilities=true }"/>
         <property name="platform" value="Windows 10"/>
      </properties>
      <testcase name="Test Cases/Dashboard/Verify_Create_Salon/Verify_Create_Salon_Test_Case" time="96.866" classname="Test Cases/Dashboard/Verify_Create_Salon/Verify_Create_Salon_Test_Case" status="PASSED">
         <system-out><![CDATA[2023-07-04 00:20:12 - [TEST_CASE][PASSED] - Test Cases/Dashboard/Verify_Create_Salon/Verify_Create_Salon_Test_Case: Test Cases/Dashboard/Verify_Create_Salon/Verify_Create_Salon_Test_Case

2023-07-04 00:20:14 - [TEST_STEP][PASSED] - callTestCase(findTestCase("Login/Test_Case_Login"), ["email":"bravo@gmail.com", "password":"password
", "headingText":"Hello Again!", "paraText":"Welcome Back"], STOP_ON_FAILURE): Call Test Case 'Test Cases/Login/Test_Case_Login' successfully

2023-07-04 00:20:14 - [TEST_CASE][PASSED] - Test Cases/Login/Test_Case_Login: Test Cases/Login/Test_Case_Login

2023-07-04 00:20:15 - [TEST_STEP][PASSED] - openBrowser(""): Browser is opened with url: ''

2023-07-04 00:20:16 - [MESSAGE][INFO] - Starting 'Chrome' driver

2023-07-04 00:20:16 - [MESSAGE][INFO] - Action delay is set to 0 milliseconds

2023-07-04 00:20:20 - [MESSAGE][PASSED] - Browser is opened with url: ''

2023-07-04 00:20:20 - [TEST_STEP][PASSED] - navigateToUrl("https://kind-gray-bluefish-tie.cyclic.app/login"): Navigate to 'https://kind-gray-bluefish-tie.cyclic.app/login' successfully

2023-07-04 00:20:24 - [MESSAGE][PASSED] - Navigate to 'https://kind-gray-bluefish-tie.cyclic.app/login' successfully

2023-07-04 00:20:24 - [TEST_STEP][PASSED] - refresh(): Refresh successfully

2023-07-04 00:20:25 - [MESSAGE][PASSED] - Refresh successfully

2023-07-04 00:20:25 - [TEST_STEP][PASSED] - try: Object: 'Object Repository/Login_Objects/Page_Barbera - Book Best Barber in Your Area/button_Login' is clicked on

2023-07-04 00:20:25 - [TEST_STEP][PASSED] - verifyElementText(findTestObject("Login_Objects/Page_Barbera - Book Best Barber in Your Area/h1_Hello Again"), headingText): Actual text and expected text of test object 'Object Repository/Login_Objects/Page_Barbera - Book Best Barber in Your Area/h1_Hello Again' are matched.

2023-07-04 00:20:25 - [MESSAGE][PASSED] - Actual text and expected text of test object 'Object Repository/Login_Objects/Page_Barbera - Book Best Barber in Your Area/h1_Hello Again' are matched.

2023-07-04 00:20:25 - [TEST_STEP][PASSED] - verifyElementText(findTestObject("Login_Objects/Page_Barbera - Book Best Barber in Your Area/p_Welcome Back"), paraText): Actual text and expected text of test object 'Object Repository/Login_Objects/Page_Barbera - Book Best Barber in Your Area/p_Welcome Back' are matched.

2023-07-04 00:20:26 - [MESSAGE][PASSED] - Actual text and expected text of test object 'Object Repository/Login_Objects/Page_Barbera - Book Best Barber in Your Area/p_Welcome Back' are matched.

2023-07-04 00:20:26 - [TEST_STEP][PASSED] - setText(findTestObject("Login_Objects/Page_Barbera - Book Best Barber in Your Area/input_Hello Again_email"), email): Text 'bravo@gmail.com' is set on object 'Object Repository/Login_Objects/Page_Barbera - Book Best Barber in Your Area/input_Hello Again_email'

2023-07-04 00:20:27 - [MESSAGE][PASSED] - Text 'bravo@gmail.com' is set on object 'Object Repository/Login_Objects/Page_Barbera - Book Best Barber in Your Area/input_Hello Again_email'

2023-07-04 00:20:27 - [TEST_STEP][PASSED] - setText(findTestObject("Login_Objects/Page_Barbera - Book Best Barber in Your Area/input_Hello Again_password"), password): Text 'password
' is set on object 'Object Repository/Login_Objects/Page_Barbera - Book Best Barber in Your Area/input_Hello Again_password'

2023-07-04 00:20:28 - [MESSAGE][PASSED] - Text 'password
' is set on object 'Object Repository/Login_Objects/Page_Barbera - Book Best Barber in Your Area/input_Hello Again_password'

2023-07-04 00:20:28 - [TEST_STEP][PASSED] - takeScreenshot(): Taking screenshot successfully

2023-07-04 00:20:33 - [MESSAGE][PASSED] - Taking screenshot successfully
[[ATTACHMENT|C:\\Users\\Ams\\Katalon Studio\\Barbera-Testing\\Reports\\20230704_002000\\Dashboard\\Test_Suite_Verify_Create_Salon\\20230704_002000\\1688412033221.png]]

2023-07-04 00:20:33 - [TEST_STEP][PASSED] - click(findTestObject("Login_Objects/Page_Barbera - Book Best Barber in Your Area/button_Login")): Object: 'Object Repository/Login_Objects/Page_Barbera - Book Best Barber in Your Area/button_Login' is clicked on

2023-07-04 00:21:35 - [MESSAGE][INFO] - Unable to find the element located by 'By.xpath: //button[@type='submit']'. Please recheck the objects properties to make sure the desired element is located. 

2023-07-04 00:21:35 - [MESSAGE][WARNING] - [SELF-HEALING] Failed to find element with id 'Object Repository/Login_Objects/Page_Barbera - Book Best Barber in Your Area/button_Login'. Try using Self-healing.

2023-07-04 00:21:35 - [MESSAGE][WARNING] - [SELF-HEALING] The current locator of test object 'Object Repository/Login_Objects/Page_Barbera - Book Best Barber in Your Area/button_Login' was broken. Propose an alternative one: '(.//*[normalize-space(text()) and normalize-space(.)='Contact Us'])[1]/following::button[1]'.

2023-07-04 00:21:36 - [MESSAGE][PASSED] - Object: 'Object Repository/Login_Objects/Page_Barbera - Book Best Barber in Your Area/button_Login' is clicked on

2023-07-04 00:21:36 - [MESSAGE][INFO] - 

2023-07-04 00:21:36 - [MESSAGE][INFO] - ===================== Self-healing Report ====================

2023-07-04 00:21:36 - [MESSAGE][INFO] - One of the failed test object locators has been recovered by Self-healing. Please refer to the Self-healing Insights tab for more details.

2023-07-04 00:21:36 - [MESSAGE][INFO] - To learn more about Self-healing, please read https://docs.katalon.com/katalon-studio/docs/self-healing.html

2023-07-04 00:21:36 - [MESSAGE][INFO] - ==============================================================

2023-07-04 00:21:36 - [MESSAGE][PASSED] - Call Test Case 'Test Cases/Login/Test_Case_Login' successfully

2023-07-04 00:21:36 - [TEST_STEP][PASSED] - delay(2): Delayed 2 second(s)

2023-07-04 00:21:38 - [MESSAGE][PASSED] - Delayed 2 second(s)

2023-07-04 00:21:38 - [TEST_STEP][PASSED] - click(findTestObject("Dashboard_Objects/Verify_Create_Salon/svg_bravo_text-gray-400 text-14")): Object: 'Object Repository/Dashboard_Objects/Verify_Create_Salon/svg_bravo_text-gray-400 text-14' is clicked on

2023-07-04 00:21:38 - [MESSAGE][PASSED] - Object: 'Object Repository/Dashboard_Objects/Verify_Create_Salon/svg_bravo_text-gray-400 text-14' is clicked on

2023-07-04 00:21:38 - [TEST_STEP][PASSED] - delay(2): Delayed 2 second(s)

2023-07-04 00:21:40 - [MESSAGE][PASSED] - Delayed 2 second(s)

2023-07-04 00:21:40 - [TEST_STEP][PASSED] - click(findTestObject("Dashboard_Objects/Verify_Create_Salon/a_Dashboard Admin Settings")): Object: 'Object Repository/Dashboard_Objects/Verify_Create_Salon/a_Dashboard Admin Settings' is clicked on

2023-07-04 00:21:41 - [MESSAGE][PASSED] - Object: 'Object Repository/Dashboard_Objects/Verify_Create_Salon/a_Dashboard Admin Settings' is clicked on

2023-07-04 00:21:41 - [TEST_STEP][PASSED] - delay(2): Delayed 2 second(s)

2023-07-04 00:21:43 - [MESSAGE][PASSED] - Delayed 2 second(s)

2023-07-04 00:21:43 - [TEST_STEP][PASSED] - click(findTestObject("Dashboard_Objects/Verify_Create_Salon/p_All Salons")): Object: 'Object Repository/Dashboard_Objects/Verify_Create_Salon/p_All Salons' is clicked on

2023-07-04 00:21:44 - [MESSAGE][PASSED] - Object: 'Object Repository/Dashboard_Objects/Verify_Create_Salon/p_All Salons' is clicked on

2023-07-04 00:21:44 - [TEST_STEP][PASSED] - delay(2): Delayed 2 second(s)

2023-07-04 00:21:46 - [MESSAGE][PASSED] - Delayed 2 second(s)

2023-07-04 00:21:46 - [TEST_STEP][FAILED] - try: Verify element text of test object 'Object Repository/Dashboard_Objects/Verify_Create_Salon/div_ABCD Salon' FAILED. (Root cause: com.kms.katalon.core.exception.StepFailedException: Verify element text of test object 'Object Repository/Dashboard_Objects/Verify_Create_Salon/div_ABCD Salon' FAILED.
	at com.kms.katalon.core.webui.keyword.internal.WebUIKeywordMain.stepFailed(WebUIKeywordMain.groovy:64)
	at com.kms.katalon.core.webui.keyword.internal.WebUIKeywordMain.runKeyword(WebUIKeywordMain.groovy:26)
	at com.kms.katalon.core.webui.keyword.builtin.VerifyElementTextKeyword.verifyElementText(VerifyElementTextKeyword.groovy:72)
	at com.kms.katalon.core.webui.keyword.builtin.VerifyElementTextKeyword.execute(VerifyElementTextKeyword.groovy:40)
	at com.kms.katalon.core.keyword.internal.KeywordExecutor.executeKeywordForPlatform(KeywordExecutor.groovy:74)
	at com.kms.katalon.core.webui.keyword.WebUiBuiltInKeywords.verifyElementText(WebUiBuiltInKeywords.groovy:4749)
	at com.kms.katalon.core.webui.keyword.WebUiBuiltInKeywords$verifyElementText$2.call(Unknown Source)
	at Verify_Create_Salon_Test_Case.run(Verify_Create_Salon_Test_Case:40)
	at com.kms.katalon.core.main.ScriptEngine.run(ScriptEngine.java:194)
	at com.kms.katalon.core.main.ScriptEngine.runScriptAsRawText(ScriptEngine.java:119)
	at com.kms.katalon.core.main.TestCaseExecutor.runScript(TestCaseExecutor.java:448)
	at com.kms.katalon.core.main.TestCaseExecutor.doExecute(TestCaseExecutor.java:439)
	at com.kms.katalon.core.main.TestCaseExecutor.processExecutionPhase(TestCaseExecutor.java:418)
	at com.kms.katalon.core.main.TestCaseExecutor.accessMainPhase(TestCaseExecutor.java:410)
	at com.kms.katalon.core.main.TestCaseExecutor.execute(TestCaseExecutor.java:285)
	at com.kms.katalon.core.common.CommonExecutor.accessTestCaseMainPhase(CommonExecutor.java:65)
	at com.kms.katalon.core.main.TestSuiteExecutor.accessTestSuiteMainPhase(TestSuiteExecutor.java:148)
	at com.kms.katalon.core.main.TestSuiteExecutor.execute(TestSuiteExecutor.java:106)
	at com.kms.katalon.core.main.TestCaseMain.startTestSuite(TestCaseMain.java:187)
	at com.kms.katalon.core.main.TestCaseMain$startTestSuite$0.call(Unknown Source)
	at TempTestSuite1688412000960.run(TempTestSuite1688412000960.groovy:36)
Caused by: com.kms.katalon.core.exception.StepFailedException: Actual text 'ABCD Salon' and expected text 'ABCD Salon
' of test object 'Object Repository/Dashboard_Objects/Verify_Create_Salon/div_ABCD Salon' are NOT matched.
	at com.kms.katalon.core.webui.keyword.internal.WebUIKeywordMain.stepFailed(WebUIKeywordMain.groovy:64)
	at com.kms.katalon.core.webui.keyword.builtin.VerifyElementTextKeyword$_verifyElementText_closure1.doCall(VerifyElementTextKeyword.groovy:57)
	at com.kms.katalon.core.webui.keyword.builtin.VerifyElementTextKeyword$_verifyElementText_closure1.call(VerifyElementTextKeyword.groovy)
	at com.kms.katalon.core.webui.keyword.internal.WebUIKeywordMain.runKeyword(WebUIKeywordMain.groovy:20)
	... 19 more
)

2023-07-04 00:21:46 - [TEST_STEP][PASSED] - verifyElementText(findTestObject("Dashboard_Objects/Verify_Create_Salon/h1_All Salons"), headingText): Actual text and expected text of test object 'Object Repository/Dashboard_Objects/Verify_Create_Salon/h1_All Salons' are matched.

2023-07-04 00:21:47 - [MESSAGE][PASSED] - Actual text and expected text of test object 'Object Repository/Dashboard_Objects/Verify_Create_Salon/h1_All Salons' are matched.

2023-07-04 00:21:47 - [TEST_STEP][FAILED] - verifyElementText(findTestObject("Dashboard_Objects/Verify_Create_Salon/div_ABCD Salon"), salonName): Verify element text of test object 'Object Repository/Dashboard_Objects/Verify_Create_Salon/div_ABCD Salon' FAILED. (Root cause: com.kms.katalon.core.exception.StepFailedException: Verify element text of test object 'Object Repository/Dashboard_Objects/Verify_Create_Salon/div_ABCD Salon' FAILED.
	at com.kms.katalon.core.webui.keyword.internal.WebUIKeywordMain.stepFailed(WebUIKeywordMain.groovy:64)
	at com.kms.katalon.core.webui.keyword.internal.WebUIKeywordMain.runKeyword(WebUIKeywordMain.groovy:26)
	at com.kms.katalon.core.webui.keyword.builtin.VerifyElementTextKeyword.verifyElementText(VerifyElementTextKeyword.groovy:72)
	at com.kms.katalon.core.webui.keyword.builtin.VerifyElementTextKeyword.execute(VerifyElementTextKeyword.groovy:40)
	at com.kms.katalon.core.keyword.internal.KeywordExecutor.executeKeywordForPlatform(KeywordExecutor.groovy:74)
	at com.kms.katalon.core.webui.keyword.WebUiBuiltInKeywords.verifyElementText(WebUiBuiltInKeywords.groovy:4749)
	at com.kms.katalon.core.webui.keyword.WebUiBuiltInKeywords$verifyElementText$2.call(Unknown Source)
	at Verify_Create_Salon_Test_Case.run(Verify_Create_Salon_Test_Case:40)
	at com.kms.katalon.core.main.ScriptEngine.run(ScriptEngine.java:194)
	at com.kms.katalon.core.main.ScriptEngine.runScriptAsRawText(ScriptEngine.java:119)
	at com.kms.katalon.core.main.TestCaseExecutor.runScript(TestCaseExecutor.java:448)
	at com.kms.katalon.core.main.TestCaseExecutor.doExecute(TestCaseExecutor.java:439)
	at com.kms.katalon.core.main.TestCaseExecutor.processExecutionPhase(TestCaseExecutor.java:418)
	at com.kms.katalon.core.main.TestCaseExecutor.accessMainPhase(TestCaseExecutor.java:410)
	at com.kms.katalon.core.main.TestCaseExecutor.execute(TestCaseExecutor.java:285)
	at com.kms.katalon.core.common.CommonExecutor.accessTestCaseMainPhase(CommonExecutor.java:65)
	at com.kms.katalon.core.main.TestSuiteExecutor.accessTestSuiteMainPhase(TestSuiteExecutor.java:148)
	at com.kms.katalon.core.main.TestSuiteExecutor.execute(TestSuiteExecutor.java:106)
	at com.kms.katalon.core.main.TestCaseMain.startTestSuite(TestCaseMain.java:187)
	at com.kms.katalon.core.main.TestCaseMain$startTestSuite$0.call(Unknown Source)
	at TempTestSuite1688412000960.run(TempTestSuite1688412000960.groovy:36)
Caused by: com.kms.katalon.core.exception.StepFailedException: Actual text 'ABCD Salon' and expected text 'ABCD Salon
' of test object 'Object Repository/Dashboard_Objects/Verify_Create_Salon/div_ABCD Salon' are NOT matched.
	at com.kms.katalon.core.webui.keyword.internal.WebUIKeywordMain.stepFailed(WebUIKeywordMain.groovy:64)
	at com.kms.katalon.core.webui.keyword.builtin.VerifyElementTextKeyword$_verifyElementText_closure1.doCall(VerifyElementTextKeyword.groovy:57)
	at com.kms.katalon.core.webui.keyword.builtin.VerifyElementTextKeyword$_verifyElementText_closure1.call(VerifyElementTextKeyword.groovy)
	at com.kms.katalon.core.webui.keyword.internal.WebUIKeywordMain.runKeyword(WebUIKeywordMain.groovy:20)
	... 19 more
)

2023-07-04 00:21:48 - [MESSAGE][FAILED] - Actual text 'ABCD Salon' and expected text 'ABCD Salon
' of test object 'Object Repository/Dashboard_Objects/Verify_Create_Salon/div_ABCD Salon' are NOT matched. (Root cause: com.kms.katalon.core.exception.StepFailedException: Actual text 'ABCD Salon' and expected text 'ABCD Salon
' of test object 'Object Repository/Dashboard_Objects/Verify_Create_Salon/div_ABCD Salon' are NOT matched.
	at com.kms.katalon.core.webui.keyword.internal.WebUIKeywordMain.stepFailed(WebUIKeywordMain.groovy:64)
	at com.kms.katalon.core.webui.keyword.builtin.VerifyElementTextKeyword$_verifyElementText_closure1.doCall(VerifyElementTextKeyword.groovy:57)
	at com.kms.katalon.core.webui.keyword.builtin.VerifyElementTextKeyword$_verifyElementText_closure1.call(VerifyElementTextKeyword.groovy)
	at com.kms.katalon.core.webui.keyword.internal.WebUIKeywordMain.runKeyword(WebUIKeywordMain.groovy:20)
	at com.kms.katalon.core.webui.keyword.builtin.VerifyElementTextKeyword.verifyElementText(VerifyElementTextKeyword.groovy:72)
	at com.kms.katalon.core.webui.keyword.builtin.VerifyElementTextKeyword.execute(VerifyElementTextKeyword.groovy:40)
	at com.kms.katalon.core.keyword.internal.KeywordExecutor.executeKeywordForPlatform(KeywordExecutor.groovy:74)
	at com.kms.katalon.core.webui.keyword.WebUiBuiltInKeywords.verifyElementText(WebUiBuiltInKeywords.groovy:4749)
	at com.kms.katalon.core.webui.keyword.WebUiBuiltInKeywords$verifyElementText$2.call(Unknown Source)
	at Verify_Create_Salon_Test_Case.run(Verify_Create_Salon_Test_Case:40)
	at com.kms.katalon.core.main.ScriptEngine.run(ScriptEngine.java:194)
	at com.kms.katalon.core.main.ScriptEngine.runScriptAsRawText(ScriptEngine.java:119)
	at com.kms.katalon.core.main.TestCaseExecutor.runScript(TestCaseExecutor.java:448)
	at com.kms.katalon.core.main.TestCaseExecutor.doExecute(TestCaseExecutor.java:439)
	at com.kms.katalon.core.main.TestCaseExecutor.processExecutionPhase(TestCaseExecutor.java:418)
	at com.kms.katalon.core.main.TestCaseExecutor.accessMainPhase(TestCaseExecutor.java:410)
	at com.kms.katalon.core.main.TestCaseExecutor.execute(TestCaseExecutor.java:285)
	at com.kms.katalon.core.common.CommonExecutor.accessTestCaseMainPhase(CommonExecutor.java:65)
	at com.kms.katalon.core.main.TestSuiteExecutor.accessTestSuiteMainPhase(TestSuiteExecutor.java:148)
	at com.kms.katalon.core.main.TestSuiteExecutor.execute(TestSuiteExecutor.java:106)
	at com.kms.katalon.core.main.TestCaseMain.startTestSuite(TestCaseMain.java:187)
	at com.kms.katalon.core.main.TestCaseMain$startTestSuite$0.call(Unknown Source)
	at TempTestSuite1688412000960.run(TempTestSuite1688412000960.groovy:36)
)
[[ATTACHMENT|C:\\Users\\Ams\\Katalon Studio\\Barbera-Testing\\Reports\\20230704_002000\\Dashboard\\Test_Suite_Verify_Create_Salon\\20230704_002000\\1688412107932.png]]

2023-07-04 00:21:48 - [MESSAGE][FAILED] - Verify element text of test object 'Object Repository/Dashboard_Objects/Verify_Create_Salon/div_ABCD Salon' FAILED. (Root cause: com.kms.katalon.core.exception.StepFailedException: Verify element text of test object 'Object Repository/Dashboard_Objects/Verify_Create_Salon/div_ABCD Salon' FAILED.
	at com.kms.katalon.core.webui.keyword.internal.WebUIKeywordMain.stepFailed(WebUIKeywordMain.groovy:64)
	at com.kms.katalon.core.webui.keyword.internal.WebUIKeywordMain.runKeyword(WebUIKeywordMain.groovy:26)
	at com.kms.katalon.core.webui.keyword.builtin.VerifyElementTextKeyword.verifyElementText(VerifyElementTextKeyword.groovy:72)
	at com.kms.katalon.core.webui.keyword.builtin.VerifyElementTextKeyword.execute(VerifyElementTextKeyword.groovy:40)
	at com.kms.katalon.core.keyword.internal.KeywordExecutor.executeKeywordForPlatform(KeywordExecutor.groovy:74)
	at com.kms.katalon.core.webui.keyword.WebUiBuiltInKeywords.verifyElementText(WebUiBuiltInKeywords.groovy:4749)
	at com.kms.katalon.core.webui.keyword.WebUiBuiltInKeywords$verifyElementText$2.call(Unknown Source)
	at Verify_Create_Salon_Test_Case.run(Verify_Create_Salon_Test_Case:40)
	at com.kms.katalon.core.main.ScriptEngine.run(ScriptEngine.java:194)
	at com.kms.katalon.core.main.ScriptEngine.runScriptAsRawText(ScriptEngine.java:119)
	at com.kms.katalon.core.main.TestCaseExecutor.runScript(TestCaseExecutor.java:448)
	at com.kms.katalon.core.main.TestCaseExecutor.doExecute(TestCaseExecutor.java:439)
	at com.kms.katalon.core.main.TestCaseExecutor.processExecutionPhase(TestCaseExecutor.java:418)
	at com.kms.katalon.core.main.TestCaseExecutor.accessMainPhase(TestCaseExecutor.java:410)
	at com.kms.katalon.core.main.TestCaseExecutor.execute(TestCaseExecutor.java:285)
	at com.kms.katalon.core.common.CommonExecutor.accessTestCaseMainPhase(CommonExecutor.java:65)
	at com.kms.katalon.core.main.TestSuiteExecutor.accessTestSuiteMainPhase(TestSuiteExecutor.java:148)
	at com.kms.katalon.core.main.TestSuiteExecutor.execute(TestSuiteExecutor.java:106)
	at com.kms.katalon.core.main.TestCaseMain.startTestSuite(TestCaseMain.java:187)
	at com.kms.katalon.core.main.TestCaseMain$startTestSuite$0.call(Unknown Source)
	at TempTestSuite1688412000960.run(TempTestSuite1688412000960.groovy:36)
Caused by: com.kms.katalon.core.exception.StepFailedException: Actual text 'ABCD Salon' and expected text 'ABCD Salon
' of test object 'Object Repository/Dashboard_Objects/Verify_Create_Salon/div_ABCD Salon' are NOT matched.
	at com.kms.katalon.core.webui.keyword.internal.WebUIKeywordMain.stepFailed(WebUIKeywordMain.groovy:64)
	at com.kms.katalon.core.webui.keyword.builtin.VerifyElementTextKeyword$_verifyElementText_closure1.doCall(VerifyElementTextKeyword.groovy:57)
	at com.kms.katalon.core.webui.keyword.builtin.VerifyElementTextKeyword$_verifyElementText_closure1.call(VerifyElementTextKeyword.groovy)
	at com.kms.katalon.core.webui.keyword.internal.WebUIKeywordMain.runKeyword(WebUIKeywordMain.groovy:20)
	... 19 more
)
[[ATTACHMENT|C:\\Users\\Ams\\Katalon Studio\\Barbera-Testing\\Reports\\20230704_002000\\Dashboard\\Test_Suite_Verify_Create_Salon\\20230704_002000\\1688412108090.png]]

2023-07-04 00:21:48 - [TEST_STEP][PASSED] - catch (Exception e): null

2023-07-04 00:21:48 - [TEST_STEP][PASSED] - Finally: Browser is closed

2023-07-04 00:21:48 - [TEST_STEP][PASSED] - closeBrowser(): Browser is closed

2023-07-04 00:21:49 - [MESSAGE][PASSED] - Browser is closed]]></system-out>
         <system-err><![CDATA[]]></system-err>
      </testcase>
      <system-out><![CDATA[2023-07-04 00:20:11 - [TEST_SUITE][PASSED] - Test_Suite_Verify_Create_Salon: Test Cases/Dashboard/Verify_Create_Salon/Verify_Create_Salon_Test_Case]]></system-out>
      <system-err><![CDATA[]]></system-err>
   </testsuite>
</testsuites>
